2024-04-28 16:26:47 0 [Warning] The parameter innodb_buffer_pool_instances is deprecated and has no effect.
2024-04-28 16:26:48 0 [Warning] The parameter innodb_buffer_pool_instances is deprecated and has no effect.
2024-04-28 16:26:48 0 [Note] InnoDB: Using Linux native AIO
2024-04-28 16:26:48 0 [Note] InnoDB: Uses event mutexes
2024-04-28 16:26:48 0 [Note] InnoDB: Compressed tables use zlib 1.2.11
2024-04-28 16:26:48 0 [Note] InnoDB: Number of pools: 1
2024-04-28 16:26:48 0 [Note] InnoDB: Using ARMv8 crc32 + pmull instructions
2024-04-28 16:26:48 0 [Note] mysqld: O_TMPFILE is not supported on /tmp (disabling future attempts)
2024-04-28 16:26:48 0 [Note] InnoDB: Initializing buffer pool, total size = 2147483648, chunk size = 134217728
2024-04-28 16:26:48 0 [Note] InnoDB: Completed initialization of buffer pool
2024-04-28 16:26:48 0 [Note] InnoDB: If the mysqld execution user is authorized, page cleaner thread priority can be changed. See the man page of setpriority().
2024-04-28 16:26:48 0 [Note] InnoDB: 128 rollback segments are active.
2024-04-28 16:26:48 0 [Note] InnoDB: Creating shared tablespace for temporary tables
2024-04-28 16:26:48 0 [Note] InnoDB: Setting file './ibtmp1' size to 12 MB. Physically writing the file full; Please wait ...
2024-04-28 16:26:48 0 [Note] InnoDB: File './ibtmp1' size is now 12 MB.
2024-04-28 16:26:48 0 [Note] InnoDB: 10.5.8 started; log sequence number 45130; transaction id 20
2024-04-28 16:26:48 0 [Note] InnoDB: Loading buffer pool(s) from /var/lib/mysql/ib_buffer_pool
2024-04-28 16:26:48 0 [Note] Plugin 'FEEDBACK' is disabled.
2024-04-28 16:26:48 0 [Note] InnoDB: Buffer pool(s) load completed at 240428 16:26:48
2024-04-28 16:26:48 0 [Warning] 'user' entry 'root@a18dd3860e04' ignored in --skip-name-resolve mode.
2024-04-28 16:26:48 0 [Warning] 'proxies_priv' entry '@% root@a18dd3860e04' ignored in --skip-name-resolve mode.
2024-04-28 16:26:48 0 [Note] Reading of all Master_info entries succeeded
2024-04-28 16:26:48 0 [Note] Added new Master_info '' to hash table
2024-04-28 16:26:48 0 [Note] mysqld: ready for connections.
Version: '10.5.8-MariaDB-1:10.5.8+maria~focal'  socket: '/var/run/mysqld/mysqld.sock'  port: 0  mariadb.org binary distribution
2024-04-28 16:26:51 5 [Warning] 'proxies_priv' entry '@% root@a18dd3860e04' ignored in --skip-name-resolve mode.
2024-04-28 16:26:52 0 [Note] mysqld (initiated by: root[root] @ localhost []): Normal shutdown
2024-04-28 16:26:52 0 [Note] Event Scheduler: Purging the queue. 0 events
2024-04-28 16:26:52 0 [Note] InnoDB: FTS optimize thread exiting.
2024-04-28 16:26:52 0 [Note] InnoDB: Starting shutdown...
2024-04-28 16:26:52 0 [Note] InnoDB: Dumping buffer pool(s) to /var/lib/mysql/ib_buffer_pool
2024-04-28 16:26:52 0 [Note] InnoDB: Buffer pool(s) dump completed at 240428 16:26:52
2024-04-28 16:26:52 0 [Note] InnoDB: Shutdown completed; log sequence number 45142; transaction id 21
2024-04-28 16:26:52 0 [Note] InnoDB: Removed temporary tablespace data file: "ibtmp1"
2024-04-28 16:26:52 0 [Note] mysqld: Shutdown complete

2024-04-28 16:26:53 0 [Warning] The parameter innodb_buffer_pool_instances is deprecated and has no effect.
2024-04-28 16:26:53 0 [Note] InnoDB: Using Linux native AIO
2024-04-28 16:26:53 0 [Note] InnoDB: Uses event mutexes
2024-04-28 16:26:53 0 [Note] InnoDB: Compressed tables use zlib 1.2.11
2024-04-28 16:26:53 0 [Note] InnoDB: Number of pools: 1
2024-04-28 16:26:53 0 [Note] InnoDB: Using ARMv8 crc32 + pmull instructions
2024-04-28 16:26:53 0 [Note] mysqld: O_TMPFILE is not supported on /tmp (disabling future attempts)
2024-04-28 16:26:53 0 [Note] InnoDB: Initializing buffer pool, total size = 2147483648, chunk size = 134217728
2024-04-28 16:26:53 0 [Note] InnoDB: Completed initialization of buffer pool
2024-04-28 16:26:53 0 [Note] InnoDB: If the mysqld execution user is authorized, page cleaner thread priority can be changed. See the man page of setpriority().
2024-04-28 16:26:53 0 [Note] InnoDB: 128 rollback segments are active.
2024-04-28 16:26:53 0 [Note] InnoDB: Creating shared tablespace for temporary tables
2024-04-28 16:26:53 0 [Note] InnoDB: Setting file './ibtmp1' size to 12 MB. Physically writing the file full; Please wait ...
2024-04-28 16:26:53 0 [Note] InnoDB: File './ibtmp1' size is now 12 MB.
2024-04-28 16:26:53 0 [Note] InnoDB: 10.5.8 started; log sequence number 45142; transaction id 20
2024-04-28 16:26:53 0 [Note] Plugin 'FEEDBACK' is disabled.
2024-04-28 16:26:53 0 [Note] InnoDB: Loading buffer pool(s) from /var/lib/mysql/ib_buffer_pool
2024-04-28 16:26:53 0 [Note] InnoDB: Buffer pool(s) load completed at 240428 16:26:53
2024-04-28 16:26:53 0 [Note] Server socket created on IP: '0.0.0.0'.
2024-04-28 16:26:53 0 [Warning] 'proxies_priv' entry '@% root@a18dd3860e04' ignored in --skip-name-resolve mode.
2024-04-28 16:26:53 0 [Note] Reading of all Master_info entries succeeded
2024-04-28 16:26:53 0 [Note] Added new Master_info '' to hash table
2024-04-28 16:26:53 0 [Note] mysqld: ready for connections.
Version: '10.5.8-MariaDB-1:10.5.8+maria~focal'  socket: '/var/run/mysqld/mysqld.sock'  port: 3306  mariadb.org binary distribution
2024-04-28 16:26:58 3 [Warning] Access denied for user 'module-projects'@'192.168.96.1' (using password: YES)
2024-04-28 16:27:29 4 [Warning] Access denied for user 'module-projects'@'192.168.96.1' (using password: YES)
2024-04-29  4:59:00 26 [Warning] Aborted connection 26 to db: 'unconnected' user: 'root' host: 'localhost' (Got timeout reading communication packets)
2024-04-29  5:01:27 28 [Warning] Aborted connection 28 to db: 'unconnected' user: 'root' host: 'localhost' (Got timeout reading communication packets)
